Job launching after 0.15 seconds in submission.
Running python job.
Changed into dir /home/laura/github-hackseq-project2/2016_project_2/scripts/spearmint
Importing abyss.py
Running abyss.main()
mkdir -p results/200k/k30/s1100
abyss-pe -C results/200k/k30/s1100 name=hsapiens k=30 s=1100 in=/home/laura/github-hackseq-project2/2016_project_2/scripts/spearmint/data/200k.fq
make[1]: Entering directory `/home/laura/github-hackseq-project2/2016_project_2/scripts/spearmint/results/200k/k30/s1100'
ABYSS -k30 -q3    --coverage-hist=coverage.hist -s hsapiens-bubbles.fa  -o hsapiens-1.fa /home/laura/github-hackseq-project2/2016_project_2/scripts/spearmint/data/200k.fq 
ABySS 2.0.1
ABYSS -k30 -q3 --coverage-hist=coverage.hist -s hsapiens-bubbles.fa -o hsapiens-1.fa /home/laura/github-hackseq-project2/2016_project_2/scripts/spearmint/data/200k.fq
Reading `/home/laura/github-hackseq-project2/2016_project_2/scripts/spearmint/data/200k.fq'...
`/home/laura/github-hackseq-project2/2016_project_2/scripts/spearmint/data/200k.fq': discarded 806 reads shorter than 30 bases
`/home/laura/github-hackseq-project2/2016_project_2/scripts/spearmint/data/200k.fq': discarded 5629 reads containing non-ACGT characters
Loaded 3007538 k-mer
Minimum k-mer coverage is 8
Using a coverage threshold of 6...
The median k-mer coverage is 34
The reconstruction is 213936
The k-mer coverage threshold is 5.83095
Setting parameter e (erode) to 6
Setting parameter E (erodeStrand) to 1
Setting parameter c (coverage) to 5.83095
Generating adjacency
Added 5863285 edges.
Eroding tips
Eroded 2790269 tips.
Eroded 0 tips.
Pruning tips shorter than 1 bp...
Pruned 9 k-mer in 9 tips.
Pruning tips shorter than 2 bp...
Pruned 22 k-mer in 21 tips.
Pruning tips shorter than 4 bp...
Pruned 25 k-mer in 15 tips.
Pruning tips shorter than 8 bp...
Pruned 60 k-mer in 17 tips.
Pruning tips shorter than 16 bp...
Pruned 62 k-mer in 12 tips.
Pruning tips shorter than 30 bp...
Pruned 58 k-mer in 5 tips.
Pruning tips shorter than 30 bp...
Pruned 79 tips in 6 rounds.
Marked 3058 edges of 1477 ambiguous vertices.
Removing low-coverage contigs (mean k-mer coverage < 5.83095)
Found 216926 k-mer in 1843 contigs before removing low-coverage contigs.
Removed 7586 k-mer in 507 low-coverage contigs.
Split 1010 ambigiuous branches.
Eroding tips
Eroded 142 tips.
Eroded 0 tips.
Pruning tips shorter than 1 bp...
Pruned 7 k-mer in 7 tips.
Pruning tips shorter than 2 bp...
Pruning tips shorter than 4 bp...
Pruning tips shorter than 8 bp...
Pruned 5 k-mer in 1 tips.
Pruning tips shorter than 16 bp...
Pruning tips shorter than 30 bp...
Pruned 85 k-mer in 3 tips.
Pruning tips shorter than 30 bp...
Pruned 11 tips in 6 rounds.
Popping bubbles
Removed 0 bubbles
Marked 1218 edges of 584 ambiguous vertices.
Left 108 unassembled k-mer in circular contigs.
Assembled 209100 k-mer in 653 contigs.
Removed 2798330 k-mer.
The signal-to-noise ratio (SNR) is -11.2632 dB.
AdjList    -k30 -m50 --dot hsapiens-1.fa >hsapiens-1.dot
abyss-filtergraph  --dot   -k30 -g hsapiens-2.dot1 hsapiens-1.dot hsapiens-1.fa >hsapiens-1.path
MergeContigs   -k30 -g hsapiens-2.dot -o hsapiens-2.fa hsapiens-1.fa hsapiens-2.dot1 hsapiens-1.path
PopBubbles  --dot -j2 -k30  -p0.9  -g hsapiens-3.dot hsapiens-2.fa hsapiens-2.dot >hsapiens-2.path
MergeContigs   -k30 -o hsapiens-3.fa hsapiens-2.fa hsapiens-2.dot hsapiens-2.path
The minimum coverage of single-end contigs is 6.93333.
The minimum coverage of merged contigs is 17.0136.
Consider increasing the coverage threshold parameter, c, to 17.0136.
awk '!/^>/ {x[">" $1]=1; next} {getline s} $1 in x {print $0 "\n" s}' \
		hsapiens-2.path hsapiens-1.fa >hsapiens-indel.fa
ln -sf hsapiens-3.fa hsapiens-unitigs.fa
abyss-map   -j2 -l40    /home/laura/github-hackseq-project2/2016_project_2/scripts/spearmint/data/200k.fq hsapiens-3.fa \
		|abyss-fixmate   -l40  -h hsapiens-3.hist \
		|sort -snk3 -k4 \
		|DistanceEst   -j2 -k30 -l40 -s1100 -n10   -o hsapiens-3.dist hsapiens-3.hist
Building the suffix array...
Building the Burrows-Wheeler transform...
Building the character occurrence table...
Mateless        0
Unaligned   61979  24.8%
Singleton   37196  14.9%
FR         137381  55%
RF              0
FF             27  0.0108%
Different   13417  5.37%
Total      250000
Overlap  --dot   -k30 -g hsapiens-4.dot -o hsapiens-4.fa hsapiens-3.fa hsapiens-3.dot hsapiens-3.dist
Overlap: 2
Scaffold: 1
No overlap: 1
Insignificant (<5bp): 0
Homopolymer: 2
Motif: 0
Ambiguous: 0
SimpleGraph    -j2 -k30 -o hsapiens-4.path1 hsapiens-4.dot hsapiens-3.dist
Total paths attempted: 104
Unique path: 91
No possible paths: 0
No valid paths: 1
Repetitive: 0
Multiple valid paths: 12
Too many solutions: 0
Too complex: 0

The minimum number of pairs in a distance estimate is 10.
The minimum number of pairs used in a path is 10.
abyss-index  --fai hsapiens-3.fa
Reading `hsapiens-3.fa'...
Writing `hsapiens-3.fa.fai'...
abyss-index  --fai hsapiens-4.fa
Reading `hsapiens-4.fa'...
Writing `hsapiens-4.fa.fai'...
cat hsapiens-3.fa.fai hsapiens-4.fa.fai \
		|MergePaths   -j2 -k30  -o hsapiens-4.path2 - hsapiens-4.path1
PathOverlap --assemble   -k30  hsapiens-4.dot hsapiens-4.path2 >hsapiens-4.path3
cat hsapiens-3.fa hsapiens-4.fa \
		|PathConsensus  --dot -k30  -p0.9  -o hsapiens-5.path -s hsapiens-5.fa -g hsapiens-5.dot - hsapiens-4.dot hsapiens-4.path3
Ambiguous paths: 9
Merged:          1
No paths:        0
Too many paths:  4
Too complex:     0
Dissimilar:      4
cat hsapiens-3.fa hsapiens-4.fa hsapiens-5.fa |MergeContigs   -k30 -o hsapiens-6.fa - hsapiens-5.dot hsapiens-5.path
The minimum coverage of single-end contigs is 6.93333.
The minimum coverage of merged contigs is 6.93333.
ln -sf hsapiens-6.fa hsapiens-contigs.fa
PathOverlap --overlap   -k30 --dot hsapiens-5.dot hsapiens-5.path >hsapiens-6.dot
ln -sf hsapiens-6.dot hsapiens-contigs.dot
abyss-map   -j2 -l40    /home/laura/github-hackseq-project2/2016_project_2/scripts/spearmint/data/200k.fq hsapiens-6.fa \
		|abyss-fixmate   -l40  -h hsapiens-6.hist \
		|sort -snk3 -k4 \
		|DistanceEst --dot --mean   -j2 -k30 -l40 -s1100 -n10   -o hsapiens-6.dist.dot hsapiens-6.hist
Building the suffix array...
Building the Burrows-Wheeler transform...
Building the character occurrence table...
Mateless        0
Unaligned   61607  24.6%
Singleton   35565  14.2%
FR         146566  58.6%
RF              2  0.0008%
FF             35  0.014%
Different    6225  2.49%
Total      250000
abyss-scaffold    -k30 -s1000-10000 -n10 -g hsapiens-6.path.dot  hsapiens-6.dot hsapiens-6.dist.dot >hsapiens-6.path
warning: Removed 18 invalid edges.
n	n:1000	L50	min	N80	N50	N20	E-size	max	sum	name
156	29	7	1493	4878	9508	16434	10967	22774	193322	s=1000
157	30	7	1493	4878	9508	16434	10859	22774	193500	s=2000
157	30	7	1493	4878	9508	16434	10859	22774	193500	s=5000
159	32	8	1493	4878	8333	13777	9005	15713	193505	s=10000
n	n:1000	L50	min	N80	N50	N20	E-size	max	sum	name
156	29	7	1493	4878	9508	16434	10967	22774	193322	s=1000
Best scaffold N50 is 9508 at s=1000.
PathConsensus  --dot -k30  -p0.9  -s hsapiens-7.fa -g hsapiens-7.dot -o hsapiens-7.path hsapiens-6.fa hsapiens-6.dot hsapiens-6.path
Ambiguous paths: 2
Merged:          0
No paths:        2
Too many paths:  0
Too complex:     0
Dissimilar:      0
cat hsapiens-6.fa hsapiens-7.fa \
		|MergeContigs   -k30 -o hsapiens-8.fa - hsapiens-7.dot hsapiens-7.path
The minimum coverage of single-end contigs is 7.
The minimum coverage of merged contigs is 32.4265.
Consider increasing the coverage threshold parameter, c, to 32.4265.
ln -sf hsapiens-8.fa hsapiens-scaffolds.fa
PathOverlap --overlap   -k30 --dot hsapiens-7.dot hsapiens-7.path >hsapiens-8.dot
ln -sf hsapiens-8.dot hsapiens-scaffolds.dot
abyss-fac   hsapiens-unitigs.fa hsapiens-contigs.fa hsapiens-scaffolds.fa |tee hsapiens-stats.tab
n	n:500	L50	min	N80	N50	N20	E-size	max	sum	name
421	85	19	501	1661	3066	6474	3817	8829	195159	hsapiens-unitigs.fa
159	46	9	580	4005	8329	13777	8558	15713	204449	hsapiens-contigs.fa
156	43	7	580	4005	9467	15713	10416	22779	204271	hsapiens-scaffolds.fa
ln -sf hsapiens-stats.tab hsapiens-stats
tr '\t' , <hsapiens-stats.tab >hsapiens-stats.csv
abyss-tabtomd hsapiens-stats.tab >hsapiens-stats.md
make[1]: Leaving directory `/home/laura/github-hackseq-project2/2016_project_2/scripts/spearmint/results/200k/k30/s1100'
abyss-fac results/200k/k30/s1100/hsapiens-scaffolds.fa >results/200k/k30/s1100/hsapiens-scaffolds.fac.tsv
mlr --tsvlite cat results/200k/k16/s200/hsapiens-scaffolds.fac.tsv results/200k/k30/s1100/hsapiens-scaffolds.fac.tsv >results/200k.fac.tsv
zsh:1: command not found: mlr
make: *** [results/200k.fac.tsv] Error 127
make: *** Deleting file `results/200k.fac.tsv'
Got result -9467
Completed successfully in 58.53 seconds. [{u'main': -9467}]
k=30	s=1100	N50=9467
