Job launching after 0.13 seconds in submission.
Running python job.
Changed into dir /home/laura/github-hackseq-project2/2016_project_2/scripts/spearmint
Importing abyss.py
Running abyss.main()
mkdir -p results/200k/k28/s200
abyss-pe -C results/200k/k28/s200 name=hsapiens k=28 s=200 in=/home/laura/github-hackseq-project2/2016_project_2/scripts/spearmint/data/200k.fq
make[1]: Entering directory `/home/laura/github-hackseq-project2/2016_project_2/scripts/spearmint/results/200k/k28/s200'
ABYSS -k28 -q3    --coverage-hist=coverage.hist -s hsapiens-bubbles.fa  -o hsapiens-1.fa /home/laura/github-hackseq-project2/2016_project_2/scripts/spearmint/data/200k.fq 
ABySS 2.0.1
ABYSS -k28 -q3 --coverage-hist=coverage.hist -s hsapiens-bubbles.fa -o hsapiens-1.fa /home/laura/github-hackseq-project2/2016_project_2/scripts/spearmint/data/200k.fq
Reading `/home/laura/github-hackseq-project2/2016_project_2/scripts/spearmint/data/200k.fq'...
`/home/laura/github-hackseq-project2/2016_project_2/scripts/spearmint/data/200k.fq': discarded 805 reads shorter than 28 bases
`/home/laura/github-hackseq-project2/2016_project_2/scripts/spearmint/data/200k.fq': discarded 5537 reads containing non-ACGT characters
Loaded 3161504 k-mer
Minimum k-mer coverage is 10
Using a coverage threshold of 6...
The median k-mer coverage is 37
The reconstruction is 214836
The k-mer coverage threshold is 6.08276
Setting parameter e (erode) to 6
Setting parameter E (erodeStrand) to 1
Setting parameter c (coverage) to 6.08276
Generating adjacency
Added 6198553 edges.
Eroding tips
Eroded 2933591 tips.
Eroded 0 tips.
Pruning tips shorter than 1 bp...
Pruned 6 k-mer in 6 tips.
Pruning tips shorter than 2 bp...
Pruned 18 k-mer in 13 tips.
Pruning tips shorter than 4 bp...
Pruned 40 k-mer in 21 tips.
Pruning tips shorter than 8 bp...
Pruned 48 k-mer in 13 tips.
Pruning tips shorter than 16 bp...
Pruned 100 k-mer in 17 tips.
Pruning tips shorter than 28 bp...
Pruned 363 k-mer in 16 tips.
Pruning tips shorter than 28 bp...
Pruned 86 tips in 6 rounds.
Marked 5105 edges of 2432 ambiguous vertices.
Removing low-coverage contigs (mean k-mer coverage < 6.08276)
Found 227231 k-mer in 3167 contigs before removing low-coverage contigs.
Removed 17554 k-mer in 987 low-coverage contigs.
Split 1961 ambigiuous branches.
Eroding tips
Eroded 214 tips.
Eroded 0 tips.
Pruning tips shorter than 1 bp...
Pruned 8 k-mer in 8 tips.
Pruning tips shorter than 2 bp...
Pruned 6 k-mer in 4 tips.
Pruning tips shorter than 4 bp...
Pruned 4 k-mer in 1 tips.
Pruning tips shorter than 8 bp...
Pruned 14 k-mer in 2 tips.
Pruning tips shorter than 16 bp...
Pruned 9 k-mer in 1 tips.
Pruning tips shorter than 28 bp...
Pruned 16 tips in 5 rounds.
Popping bubbles
Removed 2 bubbles.
Removed 2 bubbles
Marked 1446 edges of 687 ambiguous vertices.
Left 108 unassembled k-mer in circular contigs.
Assembled 209365 k-mer in 797 contigs.
Removed 2951975 k-mer.
The signal-to-noise ratio (SNR) is -11.4887 dB.
AdjList    -k28 -m50 --dot hsapiens-1.fa >hsapiens-1.dot
abyss-filtergraph  --dot   -k28 -g hsapiens-2.dot1 hsapiens-1.dot hsapiens-1.fa >hsapiens-1.path
MergeContigs   -k28 -g hsapiens-2.dot -o hsapiens-2.fa hsapiens-1.fa hsapiens-2.dot1 hsapiens-1.path
PopBubbles  --dot -j2 -k28  -p0.9  -g hsapiens-3.dot hsapiens-2.fa hsapiens-2.dot >hsapiens-2.path
MergeContigs   -k28 -o hsapiens-3.fa hsapiens-2.fa hsapiens-2.dot hsapiens-2.path
The minimum coverage of single-end contigs is 6.42105.
The minimum coverage of merged contigs is 18.8912.
Consider increasing the coverage threshold parameter, c, to 18.8912.
awk '!/^>/ {x[">" $1]=1; next} {getline s} $1 in x {print $0 "\n" s}' \
		hsapiens-2.path hsapiens-1.fa >hsapiens-indel.fa
ln -sf hsapiens-3.fa hsapiens-unitigs.fa
abyss-map   -j2 -l40    /home/laura/github-hackseq-project2/2016_project_2/scripts/spearmint/data/200k.fq hsapiens-3.fa \
		|abyss-fixmate   -l40  -h hsapiens-3.hist \
		|sort -snk3 -k4 \
		|DistanceEst   -j2 -k28 -l40 -s200 -n10   -o hsapiens-3.dist hsapiens-3.hist
Building the suffix array...
Building the Burrows-Wheeler transform...
Building the character occurrence table...
Mateless        0
Unaligned   62339  24.9%
Singleton   38237  15.3%
FR         135490  54.2%
RF              0
FF             27  0.0108%
Different   13907  5.56%
Total      250000
Overlap  --dot   -k28 -g hsapiens-4.dot -o hsapiens-4.fa hsapiens-3.fa hsapiens-3.dot hsapiens-3.dist
Overlap: 1
Scaffold: 0
No overlap: 0
Insignificant (<5bp): 0
Homopolymer: 1
Motif: 0
Ambiguous: 0
SimpleGraph    -j2 -k28 -o hsapiens-4.path1 hsapiens-4.dot hsapiens-3.dist
Total paths attempted: 187
Unique path: 140
No possible paths: 4
No valid paths: 1
Repetitive: 0
Multiple valid paths: 42
Too many solutions: 0
Too complex: 0

The minimum number of pairs in a distance estimate is 10.
The minimum number of pairs used in a path is 10.
abyss-index  --fai hsapiens-3.fa
Reading `hsapiens-3.fa'...
Writing `hsapiens-3.fa.fai'...
abyss-index  --fai hsapiens-4.fa
Reading `hsapiens-4.fa'...
Writing `hsapiens-4.fa.fai'...
cat hsapiens-3.fa.fai hsapiens-4.fa.fai \
		|MergePaths   -j2 -k28  -o hsapiens-4.path2 - hsapiens-4.path1
PathOverlap --assemble   -k28  hsapiens-4.dot hsapiens-4.path2 >hsapiens-4.path3
cat hsapiens-3.fa hsapiens-4.fa \
		|PathConsensus  --dot -k28  -p0.9  -o hsapiens-5.path -s hsapiens-5.fa -g hsapiens-5.dot - hsapiens-4.dot hsapiens-4.path3
Ambiguous paths: 29
Merged:          0
No paths:        0
Too many paths:  11
Too complex:     0
Dissimilar:      18
cat hsapiens-3.fa hsapiens-4.fa hsapiens-5.fa |MergeContigs   -k28 -o hsapiens-6.fa - hsapiens-5.dot hsapiens-5.path
The minimum coverage of single-end contigs is 6.42105.
The minimum coverage of merged contigs is 10.5806.
Consider increasing the coverage threshold parameter, c, to 10.5806.
ln -sf hsapiens-6.fa hsapiens-contigs.fa
PathOverlap --overlap   -k28 --dot hsapiens-5.dot hsapiens-5.path >hsapiens-6.dot
ln -sf hsapiens-6.dot hsapiens-contigs.dot
abyss-map   -j2 -l40    /home/laura/github-hackseq-project2/2016_project_2/scripts/spearmint/data/200k.fq hsapiens-6.fa \
		|abyss-fixmate   -l40  -h hsapiens-6.hist \
		|sort -snk3 -k4 \
		|DistanceEst --dot --mean   -j2 -k28 -l40 -s200 -n10   -o hsapiens-6.dist.dot hsapiens-6.hist
Building the suffix array...
Building the Burrows-Wheeler transform...
Building the character occurrence table...
Mateless        0
Unaligned   61558  24.6%
Singleton   35179  14.1%
FR         150105  60%
RF             21  0.0084%
FF             76  0.0304%
Different    3061  1.22%
Total      250000
abyss-scaffold    -k28 -s1000-10000 -n10 -g hsapiens-6.path.dot  hsapiens-6.dot hsapiens-6.dist.dot >hsapiens-6.path
warning: Removed 22 invalid edges.
n	n:1000	L50	min	N80	N50	N20	E-size	max	sum	name
88	19	5	1782	10693	18147	25594	17471	27941	206688	s=1000
90	21	5	1443	7732	16741	23815	16819	27941	206901	s=2000
92	23	5	1443	7732	16741	23815	16368	27941	206952	s=5000
95	26	6	1443	5324	13350	23815	14247	27941	208304	s=10000
n	n:1000	L50	min	N80	N50	N20	E-size	max	sum	name
88	19	5	1782	10693	18147	25594	17471	27941	206688	s=1000
Best scaffold N50 is 18147 at s=1000.
PathConsensus  --dot -k28  -p0.9  -s hsapiens-7.fa -g hsapiens-7.dot -o hsapiens-7.path hsapiens-6.fa hsapiens-6.dot hsapiens-6.path
Ambiguous paths: 7
Merged:          0
No paths:        7
Too many paths:  0
Too complex:     0
Dissimilar:      0
cat hsapiens-6.fa hsapiens-7.fa \
		|MergeContigs   -k28 -o hsapiens-8.fa - hsapiens-7.dot hsapiens-7.path
The minimum coverage of single-end contigs is 6.42105.
The minimum coverage of merged contigs is 35.4816.
Consider increasing the coverage threshold parameter, c, to 35.4816.
ln -sf hsapiens-8.fa hsapiens-scaffolds.fa
PathOverlap --overlap   -k28 --dot hsapiens-7.dot hsapiens-7.path >hsapiens-8.dot
ln -sf hsapiens-8.dot hsapiens-scaffolds.dot
abyss-fac   hsapiens-unitigs.fa hsapiens-contigs.fa hsapiens-scaffolds.fa |tee hsapiens-stats.tab
n	n:500	L50	min	N80	N50	N20	E-size	max	sum	name
488	81	18	515	1747	3062	6939	3925	8698	191966	hsapiens-unitigs.fa
96	31	7	551	5323	10653	20331	12692	27706	210448	hsapiens-contigs.fa
88	23	5	551	10727	19356	25707	17346	27706	210282	hsapiens-scaffolds.fa
ln -sf hsapiens-stats.tab hsapiens-stats
tr '\t' , <hsapiens-stats.tab >hsapiens-stats.csv
abyss-tabtomd hsapiens-stats.tab >hsapiens-stats.md
make[1]: Leaving directory `/home/laura/github-hackseq-project2/2016_project_2/scripts/spearmint/results/200k/k28/s200'
abyss-fac results/200k/k28/s200/hsapiens-scaffolds.fa >results/200k/k28/s200/hsapiens-scaffolds.fac.tsv
mlr --tsvlite cat results/200k/k16/s200/hsapiens-scaffolds.fac.tsv results/200k/k17/s2000/hsapiens-scaffolds.fac.tsv results/200k/k22/s200/hsapiens-scaffolds.fac.tsv results/200k/k29/s290/hsapiens-scaffolds.fac.tsv results/200k/k30/s1100/hsapiens-scaffolds.fac.tsv results/200k/k31/s2000/hsapiens-scaffolds.fac.tsv results/200k/k32/s200/hsapiens-scaffolds.fac.tsv results/200k/k37/s2000/hsapiens-scaffolds.fac.tsv results/200k/k37/s200/hsapiens-scaffolds.fac.tsv results/200k/k45/s2000/hsapiens-scaffolds.fac.tsv results/200k/k45/s200/hsapiens-scaffolds.fac.tsv results/200k/k45/s245/hsapiens-scaffolds.fac.tsv results/200k/k28/s200/hsapiens-scaffolds.fac.tsv >results/200k.fac.tsv
zsh:1: command not found: mlr
make: *** [results/200k.fac.tsv] Error 127
make: *** Deleting file `results/200k.fac.tsv'
Got result -19356
Completed successfully in 62.70 seconds. [{u'main': -19356}]
k=28	s=200	N50=19356
