Job launching after 0.14 seconds in submission.
Running python job.
Changed into dir /home/laura/github-hackseq-project2/2016_project_2/scripts/spearmint
Importing abyss.py
Running abyss.main()
mkdir -p results/200k/k37/s2000
abyss-pe -C results/200k/k37/s2000 name=hsapiens k=37 s=2000 in=/home/laura/github-hackseq-project2/2016_project_2/scripts/spearmint/data/200k.fq
make[1]: Entering directory `/home/laura/github-hackseq-project2/2016_project_2/scripts/spearmint/results/200k/k37/s2000'
ABYSS -k37 -q3    --coverage-hist=coverage.hist -s hsapiens-bubbles.fa  -o hsapiens-1.fa /home/laura/github-hackseq-project2/2016_project_2/scripts/spearmint/data/200k.fq 
ABySS 2.0.1
ABYSS -k37 -q3 --coverage-hist=coverage.hist -s hsapiens-bubbles.fa -o hsapiens-1.fa /home/laura/github-hackseq-project2/2016_project_2/scripts/spearmint/data/200k.fq
Reading `/home/laura/github-hackseq-project2/2016_project_2/scripts/spearmint/data/200k.fq'...
`/home/laura/github-hackseq-project2/2016_project_2/scripts/spearmint/data/200k.fq': discarded 2567 reads shorter than 37 bases
`/home/laura/github-hackseq-project2/2016_project_2/scripts/spearmint/data/200k.fq': discarded 4616 reads containing non-ACGT characters
Loaded 2277749 k-mer
Minimum k-mer coverage is 5
Using a coverage threshold of 5...
The median k-mer coverage is 22
The reconstruction is 210246
The k-mer coverage threshold is 4.69042
Setting parameter e (erode) to 5
Setting parameter E (erodeStrand) to 1
Setting parameter c (coverage) to 4.69042
Generating adjacency
Added 4312474 edges.
Eroding tips
Eroded 2067472 tips.
Eroded 0 tips.
Pruning tips shorter than 1 bp...
Pruned 13 k-mer in 13 tips.
Pruning tips shorter than 2 bp...
Pruned 6 k-mer in 6 tips.
Pruning tips shorter than 4 bp...
Pruned 17 k-mer in 10 tips.
Pruning tips shorter than 8 bp...
Pruned 44 k-mer in 10 tips.
Pruning tips shorter than 16 bp...
Pruned 78 k-mer in 11 tips.
Pruning tips shorter than 32 bp...
Pruned 112 k-mer in 7 tips.
Pruning tips shorter than 37 bp...
Pruned 57 tips in 6 rounds.
Marked 669 edges of 330 ambiguous vertices.
Removing low-coverage contigs (mean k-mer coverage < 4.69042)
Found 209997 k-mer in 439 contigs before removing low-coverage contigs.
Removed 1192 k-mer in 72 low-coverage contigs.
Split 142 ambigiuous branches.
Eroding tips
Eroded 80 tips.
Eroded 0 tips.
Pruning tips shorter than 1 bp...
Pruned 2 k-mer in 2 tips.
Pruning tips shorter than 2 bp...
Pruning tips shorter than 4 bp...
Pruning tips shorter than 8 bp...
Pruning tips shorter than 16 bp...
Pruning tips shorter than 32 bp...
Pruning tips shorter than 37 bp...
Pruned 2 tips in 6 rounds.
Popping bubbles
Removed 0 bubbles
Marked 407 edges of 201 ambiguous vertices.
Left 11 unassembled k-mer in circular contigs.
Assembled 208722 k-mer in 259 contigs.
Removed 2069016 k-mer.
The signal-to-noise ratio (SNR) is -9.96173 dB.
AdjList    -k37 -m50 --dot hsapiens-1.fa >hsapiens-1.dot
abyss-filtergraph  --dot   -k37 -g hsapiens-2.dot1 hsapiens-1.dot hsapiens-1.fa >hsapiens-1.path
MergeContigs   -k37 -g hsapiens-2.dot -o hsapiens-2.fa hsapiens-1.fa hsapiens-2.dot1 hsapiens-1.path
PopBubbles  --dot -j2 -k37  -p0.9  -g hsapiens-3.dot hsapiens-2.fa hsapiens-2.dot >hsapiens-2.path
MergeContigs   -k37 -o hsapiens-3.fa hsapiens-2.fa hsapiens-2.dot hsapiens-2.path
The minimum coverage of single-end contigs is 7.11905.
The minimum coverage of merged contigs is 15.2787.
Consider increasing the coverage threshold parameter, c, to 15.2787.
awk '!/^>/ {x[">" $1]=1; next} {getline s} $1 in x {print $0 "\n" s}' \
		hsapiens-2.path hsapiens-1.fa >hsapiens-indel.fa
ln -sf hsapiens-3.fa hsapiens-unitigs.fa
abyss-map   -j2 -l40    /home/laura/github-hackseq-project2/2016_project_2/scripts/spearmint/data/200k.fq hsapiens-3.fa \
		|abyss-fixmate   -l40  -h hsapiens-3.hist \
		|sort -snk3 -k4 \
		|DistanceEst   -j2 -k37 -l40 -s2000 -n10   -o hsapiens-3.dist hsapiens-3.hist
Building the suffix array...
Building the Burrows-Wheeler transform...
Building the character occurrence table...
Mateless        0
Unaligned   61494  24.6%
Singleton   34779  13.9%
FR         144065  57.6%
RF              0
FF             29  0.0116%
Different    9633  3.85%
Total      250000
Overlap  --dot   -k37 -g hsapiens-4.dot -o hsapiens-4.fa hsapiens-3.fa hsapiens-3.dot hsapiens-3.dist
Overlap: 6
Scaffold: 0
No overlap: 0
Insignificant (<5bp): 0
Homopolymer: 6
Motif: 0
Ambiguous: 0
SimpleGraph    -j2 -k37 -o hsapiens-4.path1 hsapiens-4.dot hsapiens-3.dist
Total paths attempted: 59
Unique path: 54
No possible paths: 1
No valid paths: 0
Repetitive: 0
Multiple valid paths: 4
Too many solutions: 0
Too complex: 0

The minimum number of pairs in a distance estimate is 10.
The minimum number of pairs used in a path is 10.
abyss-index  --fai hsapiens-3.fa
Reading `hsapiens-3.fa'...
Writing `hsapiens-3.fa.fai'...
abyss-index  --fai hsapiens-4.fa
Reading `hsapiens-4.fa'...
Writing `hsapiens-4.fa.fai'...
cat hsapiens-3.fa.fai hsapiens-4.fa.fai \
		|MergePaths   -j2 -k37  -o hsapiens-4.path2 - hsapiens-4.path1
PathOverlap --assemble   -k37  hsapiens-4.dot hsapiens-4.path2 >hsapiens-4.path3
cat hsapiens-3.fa hsapiens-4.fa \
		|PathConsensus  --dot -k37  -p0.9  -o hsapiens-5.path -s hsapiens-5.fa -g hsapiens-5.dot - hsapiens-4.dot hsapiens-4.path3
Ambiguous paths: 3
Merged:          0
No paths:        0
Too many paths:  2
Too complex:     0
Dissimilar:      1
cat hsapiens-3.fa hsapiens-4.fa hsapiens-5.fa |MergeContigs   -k37 -o hsapiens-6.fa - hsapiens-5.dot hsapiens-5.path
The minimum coverage of single-end contigs is 7.11905.
The minimum coverage of merged contigs is 7.11905.
ln -sf hsapiens-6.fa hsapiens-contigs.fa
PathOverlap --overlap   -k37 --dot hsapiens-5.dot hsapiens-5.path >hsapiens-6.dot
ln -sf hsapiens-6.dot hsapiens-contigs.dot
abyss-map   -j2 -l40    /home/laura/github-hackseq-project2/2016_project_2/scripts/spearmint/data/200k.fq hsapiens-6.fa \
		|abyss-fixmate   -l40  -h hsapiens-6.hist \
		|sort -snk3 -k4 \
		|DistanceEst --dot --mean   -j2 -k37 -l40 -s2000 -n10   -o hsapiens-6.dist.dot hsapiens-6.hist
Building the suffix array...
Building the Burrows-Wheeler transform...
Building the character occurrence table...
Mateless        0
Unaligned   61427  24.6%
Singleton   34483  13.8%
FR         149368  59.7%
RF              2  0.0008%
FF             37  0.0148%
Different    4683  1.87%
Total      250000
abyss-scaffold    -k37 -s1000-10000 -n10 -g hsapiens-6.path.dot  hsapiens-6.dot hsapiens-6.dist.dot >hsapiens-6.path
warning: Removed 18 invalid edges.
n	n:1000	L50	min	N80	N50	N20	E-size	max	sum	name
74	24	5	1379	8302	16442	25668	16597	27525	202254	s=1000
79	29	5	1274	6144	15536	23584	14620	27525	202365	s=2000
83	33	7	1274	4333	10088	22769	11846	23584	202544	s=5000
84	34	7	1274	4333	10088	22769	11234	23584	202544	s=10000
n	n:1000	L50	min	N80	N50	N20	E-size	max	sum	name
74	24	5	1379	8302	16442	25668	16597	27525	202254	s=1000
Best scaffold N50 is 16442 at s=1000.
PathConsensus  --dot -k37  -p0.9  -s hsapiens-7.fa -g hsapiens-7.dot -o hsapiens-7.path hsapiens-6.fa hsapiens-6.dot hsapiens-6.path
Ambiguous paths: 8
Merged:          2
No paths:        6
Too many paths:  0
Too complex:     0
Dissimilar:      0
cat hsapiens-6.fa hsapiens-7.fa \
		|MergeContigs   -k37 -o hsapiens-8.fa - hsapiens-7.dot hsapiens-7.path
The minimum coverage of single-end contigs is 10.201.
The minimum coverage of merged contigs is 21.354.
Consider increasing the coverage threshold parameter, c, to 21.354.
ln -sf hsapiens-8.fa hsapiens-scaffolds.fa
PathOverlap --overlap   -k37 --dot hsapiens-7.dot hsapiens-7.path >hsapiens-8.dot
ln -sf hsapiens-8.dot hsapiens-scaffolds.dot
abyss-fac   hsapiens-unitigs.fa hsapiens-contigs.fa hsapiens-scaffolds.fa |tee hsapiens-stats.tab
n	n:500	L50	min	N80	N50	N20	E-size	max	sum	name
191	71	16	567	1942	3616	7642	4983	12276	203404	hsapiens-unitigs.fa
84	39	7	623	3944	10088	22769	11042	23584	206324	hsapiens-contigs.fa
72	29	5	623	6435	16442	25701	16322	27583	206190	hsapiens-scaffolds.fa
ln -sf hsapiens-stats.tab hsapiens-stats
tr '\t' , <hsapiens-stats.tab >hsapiens-stats.csv
abyss-tabtomd hsapiens-stats.tab >hsapiens-stats.md
make[1]: Leaving directory `/home/laura/github-hackseq-project2/2016_project_2/scripts/spearmint/results/200k/k37/s2000'
abyss-fac results/200k/k37/s2000/hsapiens-scaffolds.fa >results/200k/k37/s2000/hsapiens-scaffolds.fac.tsv
mlr --tsvlite cat results/200k/k16/s200/hsapiens-scaffolds.fac.tsv results/200k/k17/s2000/hsapiens-scaffolds.fac.tsv results/200k/k22/s200/hsapiens-scaffolds.fac.tsv results/200k/k29/s290/hsapiens-scaffolds.fac.tsv results/200k/k30/s1100/hsapiens-scaffolds.fac.tsv results/200k/k32/s200/hsapiens-scaffolds.fac.tsv results/200k/k37/s200/hsapiens-scaffolds.fac.tsv results/200k/k45/s2000/hsapiens-scaffolds.fac.tsv results/200k/k45/s200/hsapiens-scaffolds.fac.tsv results/200k/k45/s245/hsapiens-scaffolds.fac.tsv results/200k/k37/s2000/hsapiens-scaffolds.fac.tsv >results/200k.fac.tsv
zsh:1: command not found: mlr
make: *** [results/200k.fac.tsv] Error 127
make: *** Deleting file `results/200k.fac.tsv'
Got result -16442
Completed successfully in 45.90 seconds. [{u'main': -16442}]
k=37	s=2000	N50=16442
