Job launching after 0.14 seconds in submission.
Running python job.
Changed into dir /home/laura/github-hackseq-project2/2016_project_2/scripts/spearmint
Importing abyss.py
Running abyss.main()
mkdir -p results/200k/k29/s290
abyss-pe -C results/200k/k29/s290 name=hsapiens k=29 s=290 in=/home/laura/github-hackseq-project2/2016_project_2/scripts/spearmint/data/200k.fq
make[1]: Entering directory `/home/laura/github-hackseq-project2/2016_project_2/scripts/spearmint/results/200k/k29/s290'
ABYSS -k29 -q3    --coverage-hist=coverage.hist -s hsapiens-bubbles.fa  -o hsapiens-1.fa /home/laura/github-hackseq-project2/2016_project_2/scripts/spearmint/data/200k.fq 
ABySS 2.0.1
ABYSS -k29 -q3 --coverage-hist=coverage.hist -s hsapiens-bubbles.fa -o hsapiens-1.fa /home/laura/github-hackseq-project2/2016_project_2/scripts/spearmint/data/200k.fq
Reading `/home/laura/github-hackseq-project2/2016_project_2/scripts/spearmint/data/200k.fq'...
`/home/laura/github-hackseq-project2/2016_project_2/scripts/spearmint/data/200k.fq': discarded 806 reads shorter than 29 bases
`/home/laura/github-hackseq-project2/2016_project_2/scripts/spearmint/data/200k.fq': discarded 5605 reads containing non-ACGT characters
Loaded 3087614 k-mer
Minimum k-mer coverage is 9
Using a coverage threshold of 6...
The median k-mer coverage is 36
The reconstruction is 214392
The k-mer coverage threshold is 6
Setting parameter e (erode) to 6
Setting parameter E (erodeStrand) to 1
Setting parameter c (coverage) to 6
Generating adjacency
Added 6036841 edges.
Eroding tips
Eroded 2865983 tips.
Eroded 0 tips.
Pruning tips shorter than 1 bp...
Pruned 4 k-mer in 4 tips.
Pruning tips shorter than 2 bp...
Pruned 12 k-mer in 10 tips.
Pruning tips shorter than 4 bp...
Pruned 45 k-mer in 27 tips.
Pruning tips shorter than 8 bp...
Pruned 58 k-mer in 14 tips.
Pruning tips shorter than 16 bp...
Pruned 65 k-mer in 12 tips.
Pruning tips shorter than 29 bp...
Pruned 164 k-mer in 9 tips.
Pruning tips shorter than 29 bp...
Pruned 76 tips in 6 rounds.
Marked 3853 edges of 1850 ambiguous vertices.
Removing low-coverage contigs (mean k-mer coverage < 6)
Found 221176 k-mer in 2382 contigs before removing low-coverage contigs.
Removed 11222 k-mer in 672 low-coverage contigs.
Split 1339 ambigiuous branches.
Eroding tips
Eroded 185 tips.
Eroded 0 tips.
Pruning tips shorter than 1 bp...
Pruned 11 k-mer in 11 tips.
Pruning tips shorter than 2 bp...
Pruned 6 k-mer in 3 tips.
Pruning tips shorter than 4 bp...
Pruned 8 k-mer in 3 tips.
Pruning tips shorter than 8 bp...
Pruned 8 k-mer in 1 tips.
Pruning tips shorter than 16 bp...
Pruning tips shorter than 29 bp...
Pruned 28 k-mer in 1 tips.
Pruning tips shorter than 29 bp...
Pruned 19 tips in 6 rounds.
Popping bubbles
Removed 1 bubbles.
Removed 1 bubbles
Marked 1311 edges of 631 ambiguous vertices.
Left 108 unassembled k-mer in circular contigs.
Assembled 209678 k-mer in 728 contigs.
Removed 2877799 k-mer.
The signal-to-noise ratio (SNR) is -11.3722 dB.
AdjList    -k29 -m50 --dot hsapiens-1.fa >hsapiens-1.dot
abyss-filtergraph  --dot   -k29 -g hsapiens-2.dot1 hsapiens-1.dot hsapiens-1.fa >hsapiens-1.path
MergeContigs   -k29 -g hsapiens-2.dot -o hsapiens-2.fa hsapiens-1.fa hsapiens-2.dot1 hsapiens-1.path
PopBubbles  --dot -j2 -k29  -p0.9  -g hsapiens-3.dot hsapiens-2.fa hsapiens-2.dot >hsapiens-2.path
MergeContigs   -k29 -o hsapiens-3.fa hsapiens-2.fa hsapiens-2.dot hsapiens-2.path
The minimum coverage of single-end contigs is 7.24138.
The minimum coverage of merged contigs is 17.9252.
Consider increasing the coverage threshold parameter, c, to 17.9252.
awk '!/^>/ {x[">" $1]=1; next} {getline s} $1 in x {print $0 "\n" s}' \
		hsapiens-2.path hsapiens-1.fa >hsapiens-indel.fa
ln -sf hsapiens-3.fa hsapiens-unitigs.fa
abyss-map   -j2 -l40    /home/laura/github-hackseq-project2/2016_project_2/scripts/spearmint/data/200k.fq hsapiens-3.fa \
		|abyss-fixmate   -l40  -h hsapiens-3.hist \
		|sort -snk3 -k4 \
		|DistanceEst   -j2 -k29 -l40 -s290 -n10   -o hsapiens-3.dist hsapiens-3.hist
Building the suffix array...
Building the Burrows-Wheeler transform...
Building the character occurrence table...
Mateless        0
Unaligned   62106  24.8%
Singleton   37554  15%
FR         136594  54.6%
RF              0
FF             27  0.0108%
Different   13719  5.49%
Total      250000
Overlap  --dot   -k29 -g hsapiens-4.dot -o hsapiens-4.fa hsapiens-3.fa hsapiens-3.dot hsapiens-3.dist
Overlap: 2
Scaffold: 0
No overlap: 0
Insignificant (<5bp): 0
Homopolymer: 1
Motif: 0
Ambiguous: 0
SimpleGraph    -j2 -k29 -o hsapiens-4.path1 hsapiens-4.dot hsapiens-3.dist
Total paths attempted: 175
Unique path: 144
No possible paths: 4
No valid paths: 1
Repetitive: 0
Multiple valid paths: 26
Too many solutions: 0
Too complex: 0

The minimum number of pairs in a distance estimate is 10.
The minimum number of pairs used in a path is 10.
abyss-index  --fai hsapiens-3.fa
Reading `hsapiens-3.fa'...
Writing `hsapiens-3.fa.fai'...
abyss-index  --fai hsapiens-4.fa
Reading `hsapiens-4.fa'...
Writing `hsapiens-4.fa.fai'...
cat hsapiens-3.fa.fai hsapiens-4.fa.fai \
		|MergePaths   -j2 -k29  -o hsapiens-4.path2 - hsapiens-4.path1
PathOverlap --assemble   -k29  hsapiens-4.dot hsapiens-4.path2 >hsapiens-4.path3
cat hsapiens-3.fa hsapiens-4.fa \
		|PathConsensus  --dot -k29  -p0.9  -o hsapiens-5.path -s hsapiens-5.fa -g hsapiens-5.dot - hsapiens-4.dot hsapiens-4.path3
Ambiguous paths: 18
Merged:          0
No paths:        0
Too many paths:  6
Too complex:     0
Dissimilar:      12
cat hsapiens-3.fa hsapiens-4.fa hsapiens-5.fa |MergeContigs   -k29 -o hsapiens-6.fa - hsapiens-5.dot hsapiens-5.path
The minimum coverage of single-end contigs is 7.24138.
The minimum coverage of merged contigs is 7.24138.
ln -sf hsapiens-6.fa hsapiens-contigs.fa
PathOverlap --overlap   -k29 --dot hsapiens-5.dot hsapiens-5.path >hsapiens-6.dot
ln -sf hsapiens-6.dot hsapiens-contigs.dot
abyss-map   -j2 -l40    /home/laura/github-hackseq-project2/2016_project_2/scripts/spearmint/data/200k.fq hsapiens-6.fa \
		|abyss-fixmate   -l40  -h hsapiens-6.hist \
		|sort -snk3 -k4 \
		|DistanceEst --dot --mean   -j2 -k29 -l40 -s290 -n10   -o hsapiens-6.dist.dot hsapiens-6.hist
Building the suffix array...
Building the Burrows-Wheeler transform...
Building the character occurrence table...
Mateless        0
Unaligned   61461  24.6%
Singleton   34886  14%
FR         150587  60.2%
RF              9  0.0036%
FF             56  0.0224%
Different    3001  1.2%
Total      250000
abyss-scaffold    -k29 -s1000-10000 -n10 -g hsapiens-6.path.dot  hsapiens-6.dot hsapiens-6.dist.dot >hsapiens-6.path
warning: Removed 18 invalid edges.
n	n:1000	L50	min	N80	N50	N20	E-size	max	sum	name
77	19	5	1783	8367	16114	23789	15548	25602	195987	s=1000
79	21	5	1603	8367	16114	23789	15020	23819	196347	s=2000
79	21	5	1603	8367	16444	23789	15379	23819	195208	s=5000
83	25	6	1603	5844	12785	20380	12457	23819	196504	s=10000
n	n:1000	L50	min	N80	N50	N20	E-size	max	sum	name
79	21	5	1603	8367	16444	23789	15379	23819	195208	s=5000
Best scaffold N50 is 16444 at s=5000.
PathConsensus  --dot -k29  -p0.9  -s hsapiens-7.fa -g hsapiens-7.dot -o hsapiens-7.path hsapiens-6.fa hsapiens-6.dot hsapiens-6.path
Ambiguous paths: 5
Merged:          0
No paths:        5
Too many paths:  0
Too complex:     0
Dissimilar:      0
cat hsapiens-6.fa hsapiens-7.fa \
		|MergeContigs   -k29 -o hsapiens-8.fa - hsapiens-7.dot hsapiens-7.path
The minimum coverage of single-end contigs is 7.5.
The minimum coverage of merged contigs is 33.6956.
Consider increasing the coverage threshold parameter, c, to 33.6956.
ln -sf hsapiens-8.fa hsapiens-scaffolds.fa
PathOverlap --overlap   -k29 --dot hsapiens-7.dot hsapiens-7.path >hsapiens-8.dot
ln -sf hsapiens-8.dot hsapiens-scaffolds.dot
abyss-fac   hsapiens-unitigs.fa hsapiens-contigs.fa hsapiens-scaffolds.fa |tee hsapiens-stats.tab
n	n:500	L50	min	N80	N50	N20	E-size	max	sum	name
455	83	18	517	1656	3217	6804	3964	8764	194063	hsapiens-unitigs.fa
85	29	8	553	5844	10600	15468	11035	20309	210065	hsapiens-contigs.fa
79	23	5	553	8367	17858	23793	17148	28667	209962	hsapiens-scaffolds.fa
ln -sf hsapiens-stats.tab hsapiens-stats
tr '\t' , <hsapiens-stats.tab >hsapiens-stats.csv
abyss-tabtomd hsapiens-stats.tab >hsapiens-stats.md
make[1]: Leaving directory `/home/laura/github-hackseq-project2/2016_project_2/scripts/spearmint/results/200k/k29/s290'
abyss-fac results/200k/k29/s290/hsapiens-scaffolds.fa >results/200k/k29/s290/hsapiens-scaffolds.fac.tsv
mlr --tsvlite cat results/200k/k16/s200/hsapiens-scaffolds.fac.tsv results/200k/k30/s1100/hsapiens-scaffolds.fac.tsv results/200k/k45/s2000/hsapiens-scaffolds.fac.tsv results/200k/k45/s200/hsapiens-scaffolds.fac.tsv results/200k/k29/s290/hsapiens-scaffolds.fac.tsv >results/200k.fac.tsv
zsh:1: command not found: mlr
make: *** [results/200k.fac.tsv] Error 127
make: *** Deleting file `results/200k.fac.tsv'
Got result -17858
Completed successfully in 59.30 seconds. [{u'main': -17858}]
k=29	s=290	N50=17858
